[kbplacer_plugin_action.py:65]: Plugin version: 0.13
[kbplacer_plugin_action.py:66]: Python version: '3.9.13 (v3.9.13:6de2ca5339, May 17 2022, 11:37:23) \n[Clang 13.0.0 (clang-1300.0.29.30)]'
[kbplacer_plugin_action.py:67]: KiCad version: 8.0.6 with 4.2.2a1 osx-cocoa (phoenix) wxWidgets 3.2.5
[kbplacer_dialog.py:586]: Language: en
[kbplacer_plugin_action.py:75]: GUI state: {"layout_path": "/Users/karenweng/Downloads/keyboard-layout.json", "key_distance": [19.05, 19.05], "key_info": {"annotation_format": "MX{}", "position_option": "Default", "position": {"x": 0.0, "y": 0.0, "orientation": 180.0, "side": "Back"}, "template_path": ""}, "enable_diode_placement": true, "route_switches_with_diodes": false, "optimize_diodes_orientation": false, "diode_info": {"annotation_format": "D{}", "position_option": "Custom", "position": {"x": -3.2, "y": -3.8, "orientation": -90.0, "side": "Back"}, "template_path": ""}, "additional_elements": [{"annotation_format": "ST{}", "position_option": "Custom", "position": {"x": 0.0, "y": 0.0, "orientation": 0.0, "side": "Front"}, "template_path": ""}], "route_rows_and_columns": false, "template_path": "", "generate_outline": false, "outline_delta": 0.0}
[key_placer.py:362]: Set key 1U distance: 19050000/19050000
[key_placer.py:124]: Switches by nets: defaultdict(<class 'list'>, {frozenset({'row4', 'col14'}): ['MX68'], frozenset({'col13', 'row4'}): ['MX67'], frozenset({'row4', 'col11'}): ['MX66'], frozenset({'row4', 'col10'}): ['MX65'], frozenset({'row4', 'col9'}): ['MX64'], frozenset({'col8', 'row4'}): ['MX63'], frozenset({'row4', 'col5'}): ['MX62'], frozenset({'row4', 'col2'}): ['MX61'], frozenset({'col1', 'row4'}): ['MX60'], frozenset({'col0', 'row4'}): ['MX59'], frozenset({'col14', 'row3'}): ['MX58'], frozenset({'col13', 'row3'}): ['MX57'], frozenset({'row3', 'col11'}): ['MX56'], frozenset({'col10', 'row3'}): ['MX55'], frozenset({'row3', 'col9'}): ['MX54'], frozenset({'col8', 'row3'}): ['MX53'], frozenset({'col7', 'row3'}): ['MX52'], frozenset({'col6', 'row3'}): ['MX51'], frozenset({'col5', 'row3'}): ['MX50'], frozenset({'row3', 'col4'}): ['MX49'], frozenset({'col3', 'row3'}): ['MX48'], frozenset({'row3', 'col2'}): ['MX47'], frozenset({'col1', 'row3'}): ['MX46'], frozenset({'col0', 'row3'}): ['MX45'], frozenset({'col14', 'row2'}): ['MX44'], frozenset({'col12', 'row2'}): ['MX43'], frozenset({'row2', 'col11'}): ['MX42'], frozenset({'col10', 'row2'}): ['MX41'], frozenset({'row2', 'col9'}): ['MX40'], frozenset({'col8', 'row2'}): ['MX39'], frozenset({'col7', 'row2'}): ['MX38'], frozenset({'col6', 'row2'}): ['MX37'], frozenset({'col5', 'row2'}): ['MX36'], frozenset({'col4', 'row2'}): ['MX35'], frozenset({'col3', 'row2'}): ['MX34'], frozenset({'col2', 'row2'}): ['MX33'], frozenset({'col1', 'row2'}): ['MX32'], frozenset({'col0', 'row2'}): ['MX31'], frozenset({'col14', 'row1'}): ['MX30'], frozenset({'col13', 'row1'}): ['MX29'], frozenset({'col12', 'row1'}): ['MX28'], frozenset({'row1', 'col11'}): ['MX27'], frozenset({'col10', 'row1'}): ['MX26'], frozenset({'row1', 'col9'}): ['MX25'], frozenset({'col8', 'row1'}): ['MX24'], frozenset({'col7', 'row1'}): ['MX23'], frozenset({'col6', 'row1'}): ['MX22'], frozenset({'col5', 'row1'}): ['MX21'], frozenset({'col4', 'row1'}): ['MX20'], frozenset({'col3', 'row1'}): ['MX19'], frozenset({'col2', 'row1'}): ['MX18'], frozenset({'col1', 'row1'}): ['MX17'], frozenset({'col0', 'row1'}): ['MX16'], frozenset({'col14', 'row0'}): ['MX15'], frozenset({'col13', 'row0'}): ['MX14'], frozenset({'col12', 'row0'}): ['MX13'], frozenset({'row0', 'col11'}): ['MX12'], frozenset({'col10', 'row0'}): ['MX11'], frozenset({'row0', 'col9'}): ['MX10'], frozenset({'col8', 'row0'}): ['MX9'], frozenset({'col7', 'row0'}): ['MX8'], frozenset({'row0', 'col6'}): ['MX7'], frozenset({'col5', 'row0'}): ['MX6'], frozenset({'row0', 'col4'}): ['MX5'], frozenset({'col3', 'row0'}): ['MX4'], frozenset({'row0', 'col2'}): ['MX3'], frozenset({'col1', 'row0'}): ['MX2'], frozenset({'col0', 'row0'}): ['MX1']})
[key_placer.py:128]: Diodes by switch: {'MX68': ['D68'], 'MX67': ['D67'], 'MX66': ['D66'], 'MX65': ['D65'], 'MX64': ['D64'], 'MX63': ['D63'], 'MX62': ['D62'], 'MX61': ['D61'], 'MX60': ['D60'], 'MX59': ['D59'], 'MX58': ['D58'], 'MX57': ['D57'], 'MX56': ['D56'], 'MX55': ['D55'], 'MX54': ['D54'], 'MX53': ['D53'], 'MX52': ['D52'], 'MX51': ['D51'], 'MX50': ['D50'], 'MX49': ['D49'], 'MX48': ['D48'], 'MX47': ['D47'], 'MX46': ['D46'], 'MX45': ['D45'], 'MX44': ['D44'], 'MX43': ['D43'], 'MX42': ['D42'], 'MX41': ['D41'], 'MX40': ['D40'], 'MX39': ['D39'], 'MX38': ['D38'], 'MX37': ['D37'], 'MX36': ['D36'], 'MX35': ['D35'], 'MX34': ['D34'], 'MX33': ['D33'], 'MX32': ['D32'], 'MX31': ['D31'], 'MX30': ['D30'], 'MX29': ['D29'], 'MX28': ['D28'], 'MX27': ['D27'], 'MX26': ['D26'], 'MX25': ['D25'], 'MX24': ['D24'], 'MX23': ['D23'], 'MX22': ['D22'], 'MX21': ['D21'], 'MX20': ['D20'], 'MX19': ['D19'], 'MX18': ['D18'], 'MX17': ['D17'], 'MX16': ['D16'], 'MX15': ['D15'], 'MX14': ['D14'], 'MX13': ['D13'], 'MX12': ['D12'], 'MX11': ['D11'], 'MX10': ['D10'], 'MX9': ['D9'], 'MX8': ['D8'], 'MX7': ['D7'], 'MX6': ['D6'], 'MX5': ['D5'], 'MX4': ['D4'], 'MX3': ['D3'], 'MX2': ['D2'], 'MX1': ['D1']}
[kle_serial.py:897]: User layout: [[{'sm': 'cherry', 'sb': 'gateron'}, 'esc', '1\nF1\n!', '2', '3', '4', '5', '6', '7', '8', '9\nF9', '0', '-', '+\nF12', {'w': 2}, 'backspace', {'a': 7}, ''], [{'a': 4, 'w': 1.5}, 'tab', 'Q\n~', 'W\n`', 'E', 'R', 'T', 'Y', 'u', 'i', 'o', 'p', '[', ']', {'w': 1.5}, '\\', {'a': 7}, ''], [{'a': 4, 'w': 1.75}, 'caps lock', 'A', 'S', 'D', 'F', 'G', 'h', 'j', 'k', 'l', ':', '"', {'w': 2.25}, 'enter', {'a': 7}, ''], [{'a': 4, 'w': 2.25}, 'shift', 'z', 'x', 'c', 'v', 'b', 'n', 'm', '<', '>', '?', {'w': 1.75}, 'shift', {'a': 7}, '', ''], [{'a': 4, 'w': 1.25}, 'Fn', {'w': 1.25}, 'ctr', {'w': 1.25}, 'cmd', {'w': 6.25}, 'space', 'cmd', 'opt', 'del', {'a': 7}, '', '', '']]
[key_placer.py:662]: Layout offset: (28575000, 28575000)
[board_modifier.py:85]: Setting MX1 footprint position: (38100000, 38100000)
[board_modifier.py:85]: Setting MX2 footprint position: (57150000, 38100000)
[board_modifier.py:85]: Setting MX3 footprint position: (76200000, 38100000)
[board_modifier.py:85]: Setting MX4 footprint position: (95250000, 38100000)
[board_modifier.py:85]: Setting MX5 footprint position: (114300000, 38100000)
[board_modifier.py:85]: Setting MX6 footprint position: (133350000, 38100000)
[board_modifier.py:85]: Setting MX7 footprint position: (152400000, 38100000)
[board_modifier.py:85]: Setting MX8 footprint position: (171450000, 38100000)
[board_modifier.py:85]: Setting MX9 footprint position: (190500000, 38100000)
[board_modifier.py:85]: Setting MX10 footprint position: (209550000, 38100000)
[board_modifier.py:85]: Setting MX11 footprint position: (228600000, 38100000)
[board_modifier.py:85]: Setting MX12 footprint position: (247650000, 38100000)
[board_modifier.py:85]: Setting MX13 footprint position: (266700000, 38100000)
[board_modifier.py:85]: Setting MX14 footprint position: (295275000, 38100000)
[board_modifier.py:85]: Setting MX15 footprint position: (323850000, 38100000)
[board_modifier.py:85]: Setting MX16 footprint position: (42862500, 57150000)
[board_modifier.py:85]: Setting MX17 footprint position: (66675000, 57150000)
[board_modifier.py:85]: Setting MX18 footprint position: (85725000, 57150000)
[board_modifier.py:85]: Setting MX19 footprint position: (104775000, 57150000)
[board_modifier.py:85]: Setting MX20 footprint position: (123825000, 57150000)
[board_modifier.py:85]: Setting MX21 footprint position: (142875000, 57150000)
[board_modifier.py:85]: Setting MX22 footprint position: (161925000, 57150000)
[board_modifier.py:85]: Setting MX23 footprint position: (180975000, 57150000)
[board_modifier.py:85]: Setting MX24 footprint position: (200025000, 57150000)
[board_modifier.py:85]: Setting MX25 footprint position: (219075000, 57150000)
[board_modifier.py:85]: Setting MX26 footprint position: (238125000, 57150000)
[board_modifier.py:85]: Setting MX27 footprint position: (257175000, 57150000)
[board_modifier.py:85]: Setting MX28 footprint position: (276225000, 57150000)
[board_modifier.py:85]: Setting MX29 footprint position: (300037500, 57150000)
[board_modifier.py:85]: Setting MX30 footprint position: (323850000, 57150000)
[board_modifier.py:85]: Setting MX31 footprint position: (45243750, 76200000)
[board_modifier.py:85]: Setting MX32 footprint position: (71437500, 76200000)
[board_modifier.py:85]: Setting MX33 footprint position: (90487500, 76200000)
[board_modifier.py:85]: Setting MX34 footprint position: (109537500, 76200000)
[board_modifier.py:85]: Setting MX35 footprint position: (128587500, 76200000)
[board_modifier.py:85]: Setting MX36 footprint position: (147637500, 76200000)
[board_modifier.py:85]: Setting MX37 footprint position: (166687500, 76200000)
[board_modifier.py:85]: Setting MX38 footprint position: (185737500, 76200000)
[board_modifier.py:85]: Setting MX39 footprint position: (204787500, 76200000)
[board_modifier.py:85]: Setting MX40 footprint position: (223837500, 76200000)
[board_modifier.py:85]: Setting MX41 footprint position: (242887500, 76200000)
[board_modifier.py:85]: Setting MX42 footprint position: (261937500, 76200000)
[board_modifier.py:85]: Setting MX43 footprint position: (292893750, 76200000)
[board_modifier.py:85]: Setting MX44 footprint position: (323850000, 76200000)
[board_modifier.py:85]: Setting MX45 footprint position: (50006250, 95250000)
[board_modifier.py:85]: Setting MX46 footprint position: (80962500, 95250000)
[board_modifier.py:85]: Setting MX47 footprint position: (100012500, 95250000)
[board_modifier.py:85]: Setting MX48 footprint position: (119062500, 95250000)
[board_modifier.py:85]: Setting MX49 footprint position: (138112500, 95250000)
[board_modifier.py:85]: Setting MX50 footprint position: (157162500, 95250000)
[board_modifier.py:85]: Setting MX51 footprint position: (176212500, 95250000)
[board_modifier.py:85]: Setting MX52 footprint position: (195262500, 95250000)
[board_modifier.py:85]: Setting MX53 footprint position: (214312500, 95250000)
[board_modifier.py:85]: Setting MX54 footprint position: (233362500, 95250000)
[board_modifier.py:85]: Setting MX55 footprint position: (252412500, 95250000)
[board_modifier.py:85]: Setting MX56 footprint position: (278606250, 95250000)
[board_modifier.py:85]: Setting MX57 footprint position: (304800000, 95250000)
[board_modifier.py:85]: Setting MX58 footprint position: (323850000, 95250000)
[board_modifier.py:85]: Setting MX59 footprint position: (40481250, 114300000)
[board_modifier.py:85]: Setting MX60 footprint position: (64293750, 114300000)
[board_modifier.py:85]: Setting MX61 footprint position: (88106250, 114300000)
[board_modifier.py:85]: Setting MX62 footprint position: (159543750, 114300000)
[board_modifier.py:85]: Setting MX63 footprint position: (228600000, 114300000)
[board_modifier.py:85]: Setting MX64 footprint position: (247650000, 114300000)
[board_modifier.py:85]: Setting MX65 footprint position: (266700000, 114300000)
[board_modifier.py:85]: Setting MX66 footprint position: (285750000, 114300000)
[board_modifier.py:85]: Setting MX67 footprint position: (304800000, 114300000)
[board_modifier.py:85]: Setting MX68 footprint position: (323850000, 114300000)
[key_placer.py:999]: Diode info: [ElementInfo(annotation_format='D{}', position_option=<PositionOption.CUSTOM: 'Custom'>, position=ElementPosition(x=-3.2, y=-3.8, orientation=-90.0, side=<Side.BACK: 'Back'>), template_path='')]
[board_modifier.py:98]: Getting MX1 footprint position: (38100000, 38100000)
[board_modifier.py:85]: Setting D1 footprint position: (41299999, 41900000)
[board_modifier.py:98]: Getting D1 footprint position: (41299999, 41900000)
[board_modifier.py:98]: Getting MX2 footprint position: (57150000, 38100000)
[board_modifier.py:85]: Setting D2 footprint position: (60349999, 41900000)
[board_modifier.py:98]: Getting D2 footprint position: (60349999, 41900000)
[board_modifier.py:98]: Getting MX3 footprint position: (76200000, 38100000)
[board_modifier.py:85]: Setting D3 footprint position: (79399999, 41900000)
[board_modifier.py:98]: Getting D3 footprint position: (79399999, 41900000)
[board_modifier.py:98]: Getting MX4 footprint position: (95250000, 38100000)
[board_modifier.py:85]: Setting D4 footprint position: (98449999, 41900000)
[board_modifier.py:98]: Getting D4 footprint position: (98449999, 41900000)
[board_modifier.py:98]: Getting MX5 footprint position: (114300000, 38100000)
[board_modifier.py:85]: Setting D5 footprint position: (117499999, 41900000)
[board_modifier.py:98]: Getting D5 footprint position: (117499999, 41900000)
[board_modifier.py:98]: Getting MX6 footprint position: (133350000, 38100000)
[board_modifier.py:85]: Setting D6 footprint position: (136549999, 41900000)
[board_modifier.py:98]: Getting D6 footprint position: (136549999, 41900000)
[board_modifier.py:98]: Getting MX7 footprint position: (152400000, 38100000)
[board_modifier.py:85]: Setting D7 footprint position: (155599999, 41900000)
[board_modifier.py:98]: Getting D7 footprint position: (155599999, 41900000)
[board_modifier.py:98]: Getting MX8 footprint position: (171450000, 38100000)
[board_modifier.py:85]: Setting D8 footprint position: (174649999, 41900000)
[board_modifier.py:98]: Getting D8 footprint position: (174649999, 41900000)
[board_modifier.py:98]: Getting MX9 footprint position: (190500000, 38100000)
[board_modifier.py:85]: Setting D9 footprint position: (193699999, 41900000)
[board_modifier.py:98]: Getting D9 footprint position: (193699999, 41900000)
[board_modifier.py:98]: Getting MX10 footprint position: (209550000, 38100000)
[board_modifier.py:85]: Setting D10 footprint position: (212749999, 41900000)
[board_modifier.py:98]: Getting D10 footprint position: (212749999, 41900000)
[board_modifier.py:98]: Getting MX11 footprint position: (228600000, 38100000)
[board_modifier.py:85]: Setting D11 footprint position: (231799999, 41900000)
[board_modifier.py:98]: Getting D11 footprint position: (231799999, 41900000)
[board_modifier.py:98]: Getting MX12 footprint position: (247650000, 38100000)
[board_modifier.py:85]: Setting D12 footprint position: (250849999, 41900000)
[board_modifier.py:98]: Getting D12 footprint position: (250849999, 41900000)
[board_modifier.py:98]: Getting MX13 footprint position: (266700000, 38100000)
[board_modifier.py:85]: Setting D13 footprint position: (269899999, 41900000)
[board_modifier.py:98]: Getting D13 footprint position: (269899999, 41900000)
[board_modifier.py:98]: Getting MX14 footprint position: (295275000, 38100000)
[board_modifier.py:85]: Setting D14 footprint position: (298474999, 41900000)
[board_modifier.py:98]: Getting D14 footprint position: (298474999, 41900000)
[board_modifier.py:98]: Getting MX15 footprint position: (323850000, 38100000)
[board_modifier.py:85]: Setting D15 footprint position: (327049999, 41900000)
[board_modifier.py:98]: Getting D15 footprint position: (327049999, 41900000)
[board_modifier.py:98]: Getting MX16 footprint position: (42862500, 57150000)
[board_modifier.py:85]: Setting D16 footprint position: (46062499, 60950000)
[board_modifier.py:98]: Getting D16 footprint position: (46062499, 60950000)
[board_modifier.py:98]: Getting MX17 footprint position: (66675000, 57150000)
[board_modifier.py:85]: Setting D17 footprint position: (69874999, 60950000)
[board_modifier.py:98]: Getting D17 footprint position: (69874999, 60950000)
[board_modifier.py:98]: Getting MX18 footprint position: (85725000, 57150000)
[board_modifier.py:85]: Setting D18 footprint position: (88924999, 60950000)
[board_modifier.py:98]: Getting D18 footprint position: (88924999, 60950000)
[board_modifier.py:98]: Getting MX19 footprint position: (104775000, 57150000)
[board_modifier.py:85]: Setting D19 footprint position: (107974999, 60950000)
[board_modifier.py:98]: Getting D19 footprint position: (107974999, 60950000)
[board_modifier.py:98]: Getting MX20 footprint position: (123825000, 57150000)
[board_modifier.py:85]: Setting D20 footprint position: (127024999, 60950000)
[board_modifier.py:98]: Getting D20 footprint position: (127024999, 60950000)
[board_modifier.py:98]: Getting MX21 footprint position: (142875000, 57150000)
[board_modifier.py:85]: Setting D21 footprint position: (146074999, 60950000)
[board_modifier.py:98]: Getting D21 footprint position: (146074999, 60950000)
[board_modifier.py:98]: Getting MX22 footprint position: (161925000, 57150000)
[board_modifier.py:85]: Setting D22 footprint position: (165124999, 60950000)
[board_modifier.py:98]: Getting D22 footprint position: (165124999, 60950000)
[board_modifier.py:98]: Getting MX23 footprint position: (180975000, 57150000)
[board_modifier.py:85]: Setting D23 footprint position: (184174999, 60950000)
[board_modifier.py:98]: Getting D23 footprint position: (184174999, 60950000)
[board_modifier.py:98]: Getting MX24 footprint position: (200025000, 57150000)
[board_modifier.py:85]: Setting D24 footprint position: (203224999, 60950000)
[board_modifier.py:98]: Getting D24 footprint position: (203224999, 60950000)
[board_modifier.py:98]: Getting MX25 footprint position: (219075000, 57150000)
[board_modifier.py:85]: Setting D25 footprint position: (222274999, 60950000)
[board_modifier.py:98]: Getting D25 footprint position: (222274999, 60950000)
[board_modifier.py:98]: Getting MX26 footprint position: (238125000, 57150000)
[board_modifier.py:85]: Setting D26 footprint position: (241324999, 60950000)
[board_modifier.py:98]: Getting D26 footprint position: (241324999, 60950000)
[board_modifier.py:98]: Getting MX27 footprint position: (257175000, 57150000)
[board_modifier.py:85]: Setting D27 footprint position: (260374999, 60950000)
[board_modifier.py:98]: Getting D27 footprint position: (260374999, 60950000)
[board_modifier.py:98]: Getting MX28 footprint position: (276225000, 57150000)
[board_modifier.py:85]: Setting D28 footprint position: (279424999, 60950000)
[board_modifier.py:98]: Getting D28 footprint position: (279424999, 60950000)
[board_modifier.py:98]: Getting MX29 footprint position: (300037500, 57150000)
[board_modifier.py:85]: Setting D29 footprint position: (303237499, 60950000)
[board_modifier.py:98]: Getting D29 footprint position: (303237499, 60950000)
[board_modifier.py:98]: Getting MX30 footprint position: (323850000, 57150000)
[board_modifier.py:85]: Setting D30 footprint position: (327049999, 60950000)
[board_modifier.py:98]: Getting D30 footprint position: (327049999, 60950000)
[board_modifier.py:98]: Getting MX31 footprint position: (45243750, 76200000)
[board_modifier.py:85]: Setting D31 footprint position: (48443749, 80000000)
[board_modifier.py:98]: Getting D31 footprint position: (48443749, 80000000)
[board_modifier.py:98]: Getting MX32 footprint position: (71437500, 76200000)
[board_modifier.py:85]: Setting D32 footprint position: (74637499, 80000000)
[board_modifier.py:98]: Getting D32 footprint position: (74637499, 80000000)
[board_modifier.py:98]: Getting MX33 footprint position: (90487500, 76200000)
[board_modifier.py:85]: Setting D33 footprint position: (93687499, 80000000)
[board_modifier.py:98]: Getting D33 footprint position: (93687499, 80000000)
[board_modifier.py:98]: Getting MX34 footprint position: (109537500, 76200000)
[board_modifier.py:85]: Setting D34 footprint position: (112737499, 80000000)
[board_modifier.py:98]: Getting D34 footprint position: (112737499, 80000000)
[board_modifier.py:98]: Getting MX35 footprint position: (128587500, 76200000)
[board_modifier.py:85]: Setting D35 footprint position: (131787499, 80000000)
[board_modifier.py:98]: Getting D35 footprint position: (131787499, 80000000)
[board_modifier.py:98]: Getting MX36 footprint position: (147637500, 76200000)
[board_modifier.py:85]: Setting D36 footprint position: (150837499, 80000000)
[board_modifier.py:98]: Getting D36 footprint position: (150837499, 80000000)
[board_modifier.py:98]: Getting MX37 footprint position: (166687500, 76200000)
[board_modifier.py:85]: Setting D37 footprint position: (169887499, 80000000)
[board_modifier.py:98]: Getting D37 footprint position: (169887499, 80000000)
[board_modifier.py:98]: Getting MX38 footprint position: (185737500, 76200000)
[board_modifier.py:85]: Setting D38 footprint position: (188937499, 80000000)
[board_modifier.py:98]: Getting D38 footprint position: (188937499, 80000000)
[board_modifier.py:98]: Getting MX39 footprint position: (204787500, 76200000)
[board_modifier.py:85]: Setting D39 footprint position: (207987499, 80000000)
[board_modifier.py:98]: Getting D39 footprint position: (207987499, 80000000)
[board_modifier.py:98]: Getting MX40 footprint position: (223837500, 76200000)
[board_modifier.py:85]: Setting D40 footprint position: (227037499, 80000000)
[board_modifier.py:98]: Getting D40 footprint position: (227037499, 80000000)
[board_modifier.py:98]: Getting MX41 footprint position: (242887500, 76200000)
[board_modifier.py:85]: Setting D41 footprint position: (246087499, 80000000)
[board_modifier.py:98]: Getting D41 footprint position: (246087499, 80000000)
[board_modifier.py:98]: Getting MX42 footprint position: (261937500, 76200000)
[board_modifier.py:85]: Setting D42 footprint position: (265137499, 80000000)
[board_modifier.py:98]: Getting D42 footprint position: (265137499, 80000000)
[board_modifier.py:98]: Getting MX43 footprint position: (292893750, 76200000)
[board_modifier.py:85]: Setting D43 footprint position: (296093749, 80000000)
[board_modifier.py:98]: Getting D43 footprint position: (296093749, 80000000)
[board_modifier.py:98]: Getting MX44 footprint position: (323850000, 76200000)
[board_modifier.py:85]: Setting D44 footprint position: (327049999, 80000000)
[board_modifier.py:98]: Getting D44 footprint position: (327049999, 80000000)
[board_modifier.py:98]: Getting MX45 footprint position: (50006250, 95250000)
[board_modifier.py:85]: Setting D45 footprint position: (53206249, 99050000)
[board_modifier.py:98]: Getting D45 footprint position: (53206249, 99050000)
[board_modifier.py:98]: Getting MX46 footprint position: (80962500, 95250000)
[board_modifier.py:85]: Setting D46 footprint position: (84162499, 99050000)
[board_modifier.py:98]: Getting D46 footprint position: (84162499, 99050000)
[board_modifier.py:98]: Getting MX47 footprint position: (100012500, 95250000)
[board_modifier.py:85]: Setting D47 footprint position: (103212499, 99050000)
[board_modifier.py:98]: Getting D47 footprint position: (103212499, 99050000)
[board_modifier.py:98]: Getting MX48 footprint position: (119062500, 95250000)
[board_modifier.py:85]: Setting D48 footprint position: (122262499, 99050000)
[board_modifier.py:98]: Getting D48 footprint position: (122262499, 99050000)
[board_modifier.py:98]: Getting MX49 footprint position: (138112500, 95250000)
[board_modifier.py:85]: Setting D49 footprint position: (141312499, 99050000)
[board_modifier.py:98]: Getting D49 footprint position: (141312499, 99050000)
[board_modifier.py:98]: Getting MX50 footprint position: (157162500, 95250000)
[board_modifier.py:85]: Setting D50 footprint position: (160362499, 99050000)
[board_modifier.py:98]: Getting D50 footprint position: (160362499, 99050000)
[board_modifier.py:98]: Getting MX51 footprint position: (176212500, 95250000)
[board_modifier.py:85]: Setting D51 footprint position: (179412499, 99050000)
[board_modifier.py:98]: Getting D51 footprint position: (179412499, 99050000)
[board_modifier.py:98]: Getting MX52 footprint position: (195262500, 95250000)
[board_modifier.py:85]: Setting D52 footprint position: (198462499, 99050000)
[board_modifier.py:98]: Getting D52 footprint position: (198462499, 99050000)
[board_modifier.py:98]: Getting MX53 footprint position: (214312500, 95250000)
[board_modifier.py:85]: Setting D53 footprint position: (217512499, 99050000)
[board_modifier.py:98]: Getting D53 footprint position: (217512499, 99050000)
[board_modifier.py:98]: Getting MX54 footprint position: (233362500, 95250000)
[board_modifier.py:85]: Setting D54 footprint position: (236562499, 99050000)
[board_modifier.py:98]: Getting D54 footprint position: (236562499, 99050000)
[board_modifier.py:98]: Getting MX55 footprint position: (252412500, 95250000)
[board_modifier.py:85]: Setting D55 footprint position: (255612499, 99050000)
[board_modifier.py:98]: Getting D55 footprint position: (255612499, 99050000)
[board_modifier.py:98]: Getting MX56 footprint position: (278606250, 95250000)
[board_modifier.py:85]: Setting D56 footprint position: (281806249, 99050000)
[board_modifier.py:98]: Getting D56 footprint position: (281806249, 99050000)
[board_modifier.py:98]: Getting MX57 footprint position: (304800000, 95250000)
[board_modifier.py:85]: Setting D57 footprint position: (307999999, 99050000)
[board_modifier.py:98]: Getting D57 footprint position: (307999999, 99050000)
[board_modifier.py:98]: Getting MX58 footprint position: (323850000, 95250000)
[board_modifier.py:85]: Setting D58 footprint position: (327049999, 99050000)
[board_modifier.py:98]: Getting D58 footprint position: (327049999, 99050000)
[board_modifier.py:98]: Getting MX59 footprint position: (40481250, 114300000)
[board_modifier.py:85]: Setting D59 footprint position: (43681249, 118100000)
[board_modifier.py:98]: Getting D59 footprint position: (43681249, 118100000)
[board_modifier.py:98]: Getting MX60 footprint position: (64293750, 114300000)
[board_modifier.py:85]: Setting D60 footprint position: (67493749, 118100000)
[board_modifier.py:98]: Getting D60 footprint position: (67493749, 118100000)
[board_modifier.py:98]: Getting MX61 footprint position: (88106250, 114300000)
[board_modifier.py:85]: Setting D61 footprint position: (91306249, 118100000)
[board_modifier.py:98]: Getting D61 footprint position: (91306249, 118100000)
[board_modifier.py:98]: Getting MX62 footprint position: (159543750, 114300000)
[board_modifier.py:85]: Setting D62 footprint position: (162743749, 118100000)
[board_modifier.py:98]: Getting D62 footprint position: (162743749, 118100000)
[board_modifier.py:98]: Getting MX63 footprint position: (228600000, 114300000)
[board_modifier.py:85]: Setting D63 footprint position: (231799999, 118100000)
[board_modifier.py:98]: Getting D63 footprint position: (231799999, 118100000)
[board_modifier.py:98]: Getting MX64 footprint position: (247650000, 114300000)
[board_modifier.py:85]: Setting D64 footprint position: (250849999, 118100000)
[board_modifier.py:98]: Getting D64 footprint position: (250849999, 118100000)
[board_modifier.py:98]: Getting MX65 footprint position: (266700000, 114300000)
[board_modifier.py:85]: Setting D65 footprint position: (269899999, 118100000)
[board_modifier.py:98]: Getting D65 footprint position: (269899999, 118100000)
[board_modifier.py:98]: Getting MX66 footprint position: (285750000, 114300000)
[board_modifier.py:85]: Setting D66 footprint position: (288949999, 118100000)
[board_modifier.py:98]: Getting D66 footprint position: (288949999, 118100000)
[board_modifier.py:98]: Getting MX67 footprint position: (304800000, 114300000)
[board_modifier.py:85]: Setting D67 footprint position: (307999999, 118100000)
[board_modifier.py:98]: Getting D67 footprint position: (307999999, 118100000)
[board_modifier.py:98]: Getting MX68 footprint position: (323850000, 114300000)
[board_modifier.py:85]: Setting D68 footprint position: (327049999, 118100000)
[board_modifier.py:98]: Getting D68 footprint position: (327049999, 118100000)
[key_placer.py:775]: Placing additional elements for MX68
[board_modifier.py:98]: Getting MX68 footprint position: (323850000, 114300000)
[board_modifier.py:75]: Searching for optional ST68 footprint in /Users/karenweng/Documents/new-keyboard/Untitled/modern-keyboard-template.kicad_pcb
[board_modifier.py:80]: Footprint not found
[key_placer.py:775]: Placing additional elements for MX67
[board_modifier.py:98]: Getting MX67 footprint position: (304800000, 114300000)
[board_modifier.py:75]: Searching for optional ST67 footprint in /Users/karenweng/Documents/new-keyboard/Untitled/modern-keyboard-template.kicad_pcb
[board_modifier.py:80]: Footprint not found
[key_placer.py:775]: Placing additional elements for MX66
[board_modifier.py:98]: Getting MX66 footprint position: (285750000, 114300000)
[board_modifier.py:75]: Searching for optional ST66 footprint in /Users/karenweng/Documents/new-keyboard/Untitled/modern-keyboard-template.kicad_pcb
[board_modifier.py:80]: Footprint not found
[key_placer.py:775]: Placing additional elements for MX65
[board_modifier.py:98]: Getting MX65 footprint position: (266700000, 114300000)
[board_modifier.py:75]: Searching for optional ST65 footprint in /Users/karenweng/Documents/new-keyboard/Untitled/modern-keyboard-template.kicad_pcb
[board_modifier.py:80]: Footprint not found
[key_placer.py:775]: Placing additional elements for MX64
[board_modifier.py:98]: Getting MX64 footprint position: (247650000, 114300000)
[board_modifier.py:75]: Searching for optional ST64 footprint in /Users/karenweng/Documents/new-keyboard/Untitled/modern-keyboard-template.kicad_pcb
[board_modifier.py:80]: Footprint not found
[key_placer.py:775]: Placing additional elements for MX63
[board_modifier.py:98]: Getting MX63 footprint position: (228600000, 114300000)
[board_modifier.py:75]: Searching for optional ST63 footprint in /Users/karenweng/Documents/new-keyboard/Untitled/modern-keyboard-template.kicad_pcb
[board_modifier.py:80]: Footprint not found
[key_placer.py:775]: Placing additional elements for MX62
[board_modifier.py:98]: Getting MX62 footprint position: (159543750, 114300000)
[board_modifier.py:75]: Searching for optional ST62 footprint in /Users/karenweng/Documents/new-keyboard/Untitled/modern-keyboard-template.kicad_pcb
[board_modifier.py:80]: Footprint not found
[key_placer.py:775]: Placing additional elements for MX61
[board_modifier.py:98]: Getting MX61 footprint position: (88106250, 114300000)
[board_modifier.py:75]: Searching for optional ST61 footprint in /Users/karenweng/Documents/new-keyboard/Untitled/modern-keyboard-template.kicad_pcb
[board_modifier.py:80]: Footprint not found
[key_placer.py:775]: Placing additional elements for MX60
[board_modifier.py:98]: Getting MX60 footprint position: (64293750, 114300000)
[board_modifier.py:75]: Searching for optional ST60 footprint in /Users/karenweng/Documents/new-keyboard/Untitled/modern-keyboard-template.kicad_pcb
[board_modifier.py:80]: Footprint not found
[key_placer.py:775]: Placing additional elements for MX59
[board_modifier.py:98]: Getting MX59 footprint position: (40481250, 114300000)
[board_modifier.py:75]: Searching for optional ST59 footprint in /Users/karenweng/Documents/new-keyboard/Untitled/modern-keyboard-template.kicad_pcb
[board_modifier.py:80]: Footprint not found
[key_placer.py:775]: Placing additional elements for MX58
[board_modifier.py:98]: Getting MX58 footprint position: (323850000, 95250000)
[board_modifier.py:75]: Searching for optional ST58 footprint in /Users/karenweng/Documents/new-keyboard/Untitled/modern-keyboard-template.kicad_pcb
[board_modifier.py:80]: Footprint not found
[key_placer.py:775]: Placing additional elements for MX57
[board_modifier.py:98]: Getting MX57 footprint position: (304800000, 95250000)
[board_modifier.py:75]: Searching for optional ST57 footprint in /Users/karenweng/Documents/new-keyboard/Untitled/modern-keyboard-template.kicad_pcb
[board_modifier.py:80]: Footprint not found
[key_placer.py:775]: Placing additional elements for MX56
[board_modifier.py:98]: Getting MX56 footprint position: (278606250, 95250000)
[board_modifier.py:75]: Searching for optional ST56 footprint in /Users/karenweng/Documents/new-keyboard/Untitled/modern-keyboard-template.kicad_pcb
[board_modifier.py:80]: Footprint not found
[key_placer.py:775]: Placing additional elements for MX55
[board_modifier.py:98]: Getting MX55 footprint position: (252412500, 95250000)
[board_modifier.py:75]: Searching for optional ST55 footprint in /Users/karenweng/Documents/new-keyboard/Untitled/modern-keyboard-template.kicad_pcb
[board_modifier.py:80]: Footprint not found
[key_placer.py:775]: Placing additional elements for MX54
[board_modifier.py:98]: Getting MX54 footprint position: (233362500, 95250000)
[board_modifier.py:75]: Searching for optional ST54 footprint in /Users/karenweng/Documents/new-keyboard/Untitled/modern-keyboard-template.kicad_pcb
[board_modifier.py:80]: Footprint not found
[key_placer.py:775]: Placing additional elements for MX53
[board_modifier.py:98]: Getting MX53 footprint position: (214312500, 95250000)
[board_modifier.py:75]: Searching for optional ST53 footprint in /Users/karenweng/Documents/new-keyboard/Untitled/modern-keyboard-template.kicad_pcb
[board_modifier.py:80]: Footprint not found
[key_placer.py:775]: Placing additional elements for MX52
[board_modifier.py:98]: Getting MX52 footprint position: (195262500, 95250000)
[board_modifier.py:75]: Searching for optional ST52 footprint in /Users/karenweng/Documents/new-keyboard/Untitled/modern-keyboard-template.kicad_pcb
[board_modifier.py:80]: Footprint not found
[key_placer.py:775]: Placing additional elements for MX51
[board_modifier.py:98]: Getting MX51 footprint position: (176212500, 95250000)
[board_modifier.py:75]: Searching for optional ST51 footprint in /Users/karenweng/Documents/new-keyboard/Untitled/modern-keyboard-template.kicad_pcb
[board_modifier.py:80]: Footprint not found
[key_placer.py:775]: Placing additional elements for MX50
[board_modifier.py:98]: Getting MX50 footprint position: (157162500, 95250000)
[board_modifier.py:75]: Searching for optional ST50 footprint in /Users/karenweng/Documents/new-keyboard/Untitled/modern-keyboard-template.kicad_pcb
[board_modifier.py:80]: Footprint not found
[key_placer.py:775]: Placing additional elements for MX49
[board_modifier.py:98]: Getting MX49 footprint position: (138112500, 95250000)
[board_modifier.py:75]: Searching for optional ST49 footprint in /Users/karenweng/Documents/new-keyboard/Untitled/modern-keyboard-template.kicad_pcb
[board_modifier.py:80]: Footprint not found
[key_placer.py:775]: Placing additional elements for MX48
[board_modifier.py:98]: Getting MX48 footprint position: (119062500, 95250000)
[board_modifier.py:75]: Searching for optional ST48 footprint in /Users/karenweng/Documents/new-keyboard/Untitled/modern-keyboard-template.kicad_pcb
[board_modifier.py:80]: Footprint not found
[key_placer.py:775]: Placing additional elements for MX47
[board_modifier.py:98]: Getting MX47 footprint position: (100012500, 95250000)
[board_modifier.py:75]: Searching for optional ST47 footprint in /Users/karenweng/Documents/new-keyboard/Untitled/modern-keyboard-template.kicad_pcb
[board_modifier.py:80]: Footprint not found
[key_placer.py:775]: Placing additional elements for MX46
[board_modifier.py:98]: Getting MX46 footprint position: (80962500, 95250000)
[board_modifier.py:75]: Searching for optional ST46 footprint in /Users/karenweng/Documents/new-keyboard/Untitled/modern-keyboard-template.kicad_pcb
[board_modifier.py:80]: Footprint not found
[key_placer.py:775]: Placing additional elements for MX45
[board_modifier.py:98]: Getting MX45 footprint position: (50006250, 95250000)
[board_modifier.py:75]: Searching for optional ST45 footprint in /Users/karenweng/Documents/new-keyboard/Untitled/modern-keyboard-template.kicad_pcb
[board_modifier.py:80]: Footprint not found
[key_placer.py:775]: Placing additional elements for MX44
[board_modifier.py:98]: Getting MX44 footprint position: (323850000, 76200000)
[board_modifier.py:75]: Searching for optional ST44 footprint in /Users/karenweng/Documents/new-keyboard/Untitled/modern-keyboard-template.kicad_pcb
[board_modifier.py:80]: Footprint not found
[key_placer.py:775]: Placing additional elements for MX43
[board_modifier.py:98]: Getting MX43 footprint position: (292893750, 76200000)
[board_modifier.py:75]: Searching for optional ST43 footprint in /Users/karenweng/Documents/new-keyboard/Untitled/modern-keyboard-template.kicad_pcb
[board_modifier.py:80]: Footprint not found
[key_placer.py:775]: Placing additional elements for MX42
[board_modifier.py:98]: Getting MX42 footprint position: (261937500, 76200000)
[board_modifier.py:75]: Searching for optional ST42 footprint in /Users/karenweng/Documents/new-keyboard/Untitled/modern-keyboard-template.kicad_pcb
[board_modifier.py:80]: Footprint not found
[key_placer.py:775]: Placing additional elements for MX41
[board_modifier.py:98]: Getting MX41 footprint position: (242887500, 76200000)
[board_modifier.py:75]: Searching for optional ST41 footprint in /Users/karenweng/Documents/new-keyboard/Untitled/modern-keyboard-template.kicad_pcb
[board_modifier.py:80]: Footprint not found
[key_placer.py:775]: Placing additional elements for MX40
[board_modifier.py:98]: Getting MX40 footprint position: (223837500, 76200000)
[board_modifier.py:75]: Searching for optional ST40 footprint in /Users/karenweng/Documents/new-keyboard/Untitled/modern-keyboard-template.kicad_pcb
[board_modifier.py:80]: Footprint not found
[key_placer.py:775]: Placing additional elements for MX39
[board_modifier.py:98]: Getting MX39 footprint position: (204787500, 76200000)
[board_modifier.py:75]: Searching for optional ST39 footprint in /Users/karenweng/Documents/new-keyboard/Untitled/modern-keyboard-template.kicad_pcb
[board_modifier.py:80]: Footprint not found
[key_placer.py:775]: Placing additional elements for MX38
[board_modifier.py:98]: Getting MX38 footprint position: (185737500, 76200000)
[board_modifier.py:75]: Searching for optional ST38 footprint in /Users/karenweng/Documents/new-keyboard/Untitled/modern-keyboard-template.kicad_pcb
[board_modifier.py:80]: Footprint not found
[key_placer.py:775]: Placing additional elements for MX37
[board_modifier.py:98]: Getting MX37 footprint position: (166687500, 76200000)
[board_modifier.py:75]: Searching for optional ST37 footprint in /Users/karenweng/Documents/new-keyboard/Untitled/modern-keyboard-template.kicad_pcb
[board_modifier.py:80]: Footprint not found
[key_placer.py:775]: Placing additional elements for MX36
[board_modifier.py:98]: Getting MX36 footprint position: (147637500, 76200000)
[board_modifier.py:75]: Searching for optional ST36 footprint in /Users/karenweng/Documents/new-keyboard/Untitled/modern-keyboard-template.kicad_pcb
[board_modifier.py:80]: Footprint not found
[key_placer.py:775]: Placing additional elements for MX35
[board_modifier.py:98]: Getting MX35 footprint position: (128587500, 76200000)
[board_modifier.py:75]: Searching for optional ST35 footprint in /Users/karenweng/Documents/new-keyboard/Untitled/modern-keyboard-template.kicad_pcb
[board_modifier.py:80]: Footprint not found
[key_placer.py:775]: Placing additional elements for MX34
[board_modifier.py:98]: Getting MX34 footprint position: (109537500, 76200000)
[board_modifier.py:75]: Searching for optional ST34 footprint in /Users/karenweng/Documents/new-keyboard/Untitled/modern-keyboard-template.kicad_pcb
[board_modifier.py:80]: Footprint not found
[key_placer.py:775]: Placing additional elements for MX33
[board_modifier.py:98]: Getting MX33 footprint position: (90487500, 76200000)
[board_modifier.py:75]: Searching for optional ST33 footprint in /Users/karenweng/Documents/new-keyboard/Untitled/modern-keyboard-template.kicad_pcb
[board_modifier.py:80]: Footprint not found
[key_placer.py:775]: Placing additional elements for MX32
[board_modifier.py:98]: Getting MX32 footprint position: (71437500, 76200000)
[board_modifier.py:75]: Searching for optional ST32 footprint in /Users/karenweng/Documents/new-keyboard/Untitled/modern-keyboard-template.kicad_pcb
[board_modifier.py:80]: Footprint not found
[key_placer.py:775]: Placing additional elements for MX31
[board_modifier.py:98]: Getting MX31 footprint position: (45243750, 76200000)
[board_modifier.py:75]: Searching for optional ST31 footprint in /Users/karenweng/Documents/new-keyboard/Untitled/modern-keyboard-template.kicad_pcb
[board_modifier.py:80]: Footprint not found
[key_placer.py:775]: Placing additional elements for MX30
[board_modifier.py:98]: Getting MX30 footprint position: (323850000, 57150000)
[board_modifier.py:75]: Searching for optional ST30 footprint in /Users/karenweng/Documents/new-keyboard/Untitled/modern-keyboard-template.kicad_pcb
[board_modifier.py:80]: Footprint not found
[key_placer.py:775]: Placing additional elements for MX29
[board_modifier.py:98]: Getting MX29 footprint position: (300037500, 57150000)
[board_modifier.py:75]: Searching for optional ST29 footprint in /Users/karenweng/Documents/new-keyboard/Untitled/modern-keyboard-template.kicad_pcb
[board_modifier.py:80]: Footprint not found
[key_placer.py:775]: Placing additional elements for MX28
[board_modifier.py:98]: Getting MX28 footprint position: (276225000, 57150000)
[board_modifier.py:75]: Searching for optional ST28 footprint in /Users/karenweng/Documents/new-keyboard/Untitled/modern-keyboard-template.kicad_pcb
[board_modifier.py:80]: Footprint not found
[key_placer.py:775]: Placing additional elements for MX27
[board_modifier.py:98]: Getting MX27 footprint position: (257175000, 57150000)
[board_modifier.py:75]: Searching for optional ST27 footprint in /Users/karenweng/Documents/new-keyboard/Untitled/modern-keyboard-template.kicad_pcb
[board_modifier.py:80]: Footprint not found
[key_placer.py:775]: Placing additional elements for MX26
[board_modifier.py:98]: Getting MX26 footprint position: (238125000, 57150000)
[board_modifier.py:75]: Searching for optional ST26 footprint in /Users/karenweng/Documents/new-keyboard/Untitled/modern-keyboard-template.kicad_pcb
[board_modifier.py:80]: Footprint not found
[key_placer.py:775]: Placing additional elements for MX25
[board_modifier.py:98]: Getting MX25 footprint position: (219075000, 57150000)
[board_modifier.py:75]: Searching for optional ST25 footprint in /Users/karenweng/Documents/new-keyboard/Untitled/modern-keyboard-template.kicad_pcb
[board_modifier.py:80]: Footprint not found
[key_placer.py:775]: Placing additional elements for MX24
[board_modifier.py:98]: Getting MX24 footprint position: (200025000, 57150000)
[board_modifier.py:75]: Searching for optional ST24 footprint in /Users/karenweng/Documents/new-keyboard/Untitled/modern-keyboard-template.kicad_pcb
[board_modifier.py:80]: Footprint not found
[key_placer.py:775]: Placing additional elements for MX23
[board_modifier.py:98]: Getting MX23 footprint position: (180975000, 57150000)
[board_modifier.py:75]: Searching for optional ST23 footprint in /Users/karenweng/Documents/new-keyboard/Untitled/modern-keyboard-template.kicad_pcb
[board_modifier.py:80]: Footprint not found
[key_placer.py:775]: Placing additional elements for MX22
[board_modifier.py:98]: Getting MX22 footprint position: (161925000, 57150000)
[board_modifier.py:75]: Searching for optional ST22 footprint in /Users/karenweng/Documents/new-keyboard/Untitled/modern-keyboard-template.kicad_pcb
[board_modifier.py:80]: Footprint not found
[key_placer.py:775]: Placing additional elements for MX21
[board_modifier.py:98]: Getting MX21 footprint position: (142875000, 57150000)
[board_modifier.py:75]: Searching for optional ST21 footprint in /Users/karenweng/Documents/new-keyboard/Untitled/modern-keyboard-template.kicad_pcb
[board_modifier.py:80]: Footprint not found
[key_placer.py:775]: Placing additional elements for MX20
[board_modifier.py:98]: Getting MX20 footprint position: (123825000, 57150000)
[board_modifier.py:75]: Searching for optional ST20 footprint in /Users/karenweng/Documents/new-keyboard/Untitled/modern-keyboard-template.kicad_pcb
[board_modifier.py:80]: Footprint not found
[key_placer.py:775]: Placing additional elements for MX19
[board_modifier.py:98]: Getting MX19 footprint position: (104775000, 57150000)
[board_modifier.py:75]: Searching for optional ST19 footprint in /Users/karenweng/Documents/new-keyboard/Untitled/modern-keyboard-template.kicad_pcb
[board_modifier.py:80]: Footprint not found
[key_placer.py:775]: Placing additional elements for MX18
[board_modifier.py:98]: Getting MX18 footprint position: (85725000, 57150000)
[board_modifier.py:75]: Searching for optional ST18 footprint in /Users/karenweng/Documents/new-keyboard/Untitled/modern-keyboard-template.kicad_pcb
[board_modifier.py:80]: Footprint not found
[key_placer.py:775]: Placing additional elements for MX17
[board_modifier.py:98]: Getting MX17 footprint position: (66675000, 57150000)
[board_modifier.py:75]: Searching for optional ST17 footprint in /Users/karenweng/Documents/new-keyboard/Untitled/modern-keyboard-template.kicad_pcb
[board_modifier.py:80]: Footprint not found
[key_placer.py:775]: Placing additional elements for MX16
[board_modifier.py:98]: Getting MX16 footprint position: (42862500, 57150000)
[board_modifier.py:75]: Searching for optional ST16 footprint in /Users/karenweng/Documents/new-keyboard/Untitled/modern-keyboard-template.kicad_pcb
[board_modifier.py:80]: Footprint not found
[key_placer.py:775]: Placing additional elements for MX15
[board_modifier.py:98]: Getting MX15 footprint position: (323850000, 38100000)
[board_modifier.py:75]: Searching for optional ST15 footprint in /Users/karenweng/Documents/new-keyboard/Untitled/modern-keyboard-template.kicad_pcb
[board_modifier.py:80]: Footprint not found
[key_placer.py:775]: Placing additional elements for MX14
[board_modifier.py:98]: Getting MX14 footprint position: (295275000, 38100000)
[board_modifier.py:75]: Searching for optional ST14 footprint in /Users/karenweng/Documents/new-keyboard/Untitled/modern-keyboard-template.kicad_pcb
[board_modifier.py:80]: Footprint not found
[key_placer.py:775]: Placing additional elements for MX13
[board_modifier.py:98]: Getting MX13 footprint position: (266700000, 38100000)
[board_modifier.py:75]: Searching for optional ST13 footprint in /Users/karenweng/Documents/new-keyboard/Untitled/modern-keyboard-template.kicad_pcb
[board_modifier.py:80]: Footprint not found
[key_placer.py:775]: Placing additional elements for MX12
[board_modifier.py:98]: Getting MX12 footprint position: (247650000, 38100000)
[board_modifier.py:75]: Searching for optional ST12 footprint in /Users/karenweng/Documents/new-keyboard/Untitled/modern-keyboard-template.kicad_pcb
[board_modifier.py:80]: Footprint not found
[key_placer.py:775]: Placing additional elements for MX11
[board_modifier.py:98]: Getting MX11 footprint position: (228600000, 38100000)
[board_modifier.py:75]: Searching for optional ST11 footprint in /Users/karenweng/Documents/new-keyboard/Untitled/modern-keyboard-template.kicad_pcb
[board_modifier.py:80]: Footprint not found
[key_placer.py:775]: Placing additional elements for MX10
[board_modifier.py:98]: Getting MX10 footprint position: (209550000, 38100000)
[board_modifier.py:75]: Searching for optional ST10 footprint in /Users/karenweng/Documents/new-keyboard/Untitled/modern-keyboard-template.kicad_pcb
[board_modifier.py:80]: Footprint not found
[key_placer.py:775]: Placing additional elements for MX9
[board_modifier.py:98]: Getting MX9 footprint position: (190500000, 38100000)
[board_modifier.py:75]: Searching for optional ST9 footprint in /Users/karenweng/Documents/new-keyboard/Untitled/modern-keyboard-template.kicad_pcb
[board_modifier.py:80]: Footprint not found
[key_placer.py:775]: Placing additional elements for MX8
[board_modifier.py:98]: Getting MX8 footprint position: (171450000, 38100000)
[board_modifier.py:75]: Searching for optional ST8 footprint in /Users/karenweng/Documents/new-keyboard/Untitled/modern-keyboard-template.kicad_pcb
[board_modifier.py:80]: Footprint not found
[key_placer.py:775]: Placing additional elements for MX7
[board_modifier.py:98]: Getting MX7 footprint position: (152400000, 38100000)
[board_modifier.py:75]: Searching for optional ST7 footprint in /Users/karenweng/Documents/new-keyboard/Untitled/modern-keyboard-template.kicad_pcb
[board_modifier.py:80]: Footprint not found
[key_placer.py:775]: Placing additional elements for MX6
[board_modifier.py:98]: Getting MX6 footprint position: (133350000, 38100000)
[board_modifier.py:75]: Searching for optional ST6 footprint in /Users/karenweng/Documents/new-keyboard/Untitled/modern-keyboard-template.kicad_pcb
[board_modifier.py:80]: Footprint not found
[key_placer.py:775]: Placing additional elements for MX5
[board_modifier.py:98]: Getting MX5 footprint position: (114300000, 38100000)
[board_modifier.py:75]: Searching for optional ST5 footprint in /Users/karenweng/Documents/new-keyboard/Untitled/modern-keyboard-template.kicad_pcb
[board_modifier.py:80]: Footprint not found
[key_placer.py:775]: Placing additional elements for MX4
[board_modifier.py:98]: Getting MX4 footprint position: (95250000, 38100000)
[board_modifier.py:75]: Searching for optional ST4 footprint in /Users/karenweng/Documents/new-keyboard/Untitled/modern-keyboard-template.kicad_pcb
[board_modifier.py:80]: Footprint not found
[key_placer.py:775]: Placing additional elements for MX3
[board_modifier.py:98]: Getting MX3 footprint position: (76200000, 38100000)
[board_modifier.py:75]: Searching for optional ST3 footprint in /Users/karenweng/Documents/new-keyboard/Untitled/modern-keyboard-template.kicad_pcb
[board_modifier.py:80]: Footprint not found
[key_placer.py:775]: Placing additional elements for MX2
[board_modifier.py:98]: Getting MX2 footprint position: (57150000, 38100000)
[board_modifier.py:75]: Searching for optional ST2 footprint in /Users/karenweng/Documents/new-keyboard/Untitled/modern-keyboard-template.kicad_pcb
[board_modifier.py:80]: Footprint not found
[key_placer.py:775]: Placing additional elements for MX1
[board_modifier.py:98]: Getting MX1 footprint position: (38100000, 38100000)
[board_modifier.py:75]: Searching for optional ST1 footprint in /Users/karenweng/Documents/new-keyboard/Untitled/modern-keyboard-template.kicad_pcb
[board_modifier.py:80]: Footprint not found
